<?xml version="1.0" encoding="utf-8" standalone="no"?>
<!--This file represents the results of running a test suite-->
<test-results name="D:\MYOB_Assignment\src\Zoo.AnimalMaker.Test\bin\debug\Zoo.AnimalMaker.Test.dll" total="12" errors="0" failures="0" not-run="0" inconclusive="0" ignored="0" skipped="0" invalid="0" date="2013-07-18" time="21:43:12">
  <environment nunit-version="2.6.2.12296" clr-version="2.0.50727.6407" os-version="Microsoft Windows NT 6.2.9200.0" platform="Win32NT" cwd="D:\MYOB_Assignment" machine-name="MABDOU-LAPTOP" user="mahmo_000" user-domain="MABDOU-LAPTOP" />
  <culture-info current-culture="en-AU" current-uiculture="en-GB" />
  <test-suite type="Assembly" name="D:\MYOB_Assignment\src\Zoo.AnimalMaker.Test\bin\debug\Zoo.AnimalMaker.Test.dll" executed="True" result="Success" success="True" time="0.141" asserts="0">
    <results>
      <test-suite type="Namespace" name="Zoo" executed="True" result="Success" success="True" time="0.123" asserts="0">
        <results>
          <test-suite type="Namespace" name="AnimalMaker" executed="True" result="Success" success="True" time="0.123" asserts="0">
            <results>
              <test-suite type="Namespace" name="Test" executed="True" result="Success" success="True" time="0.123" asserts="0">
                <results>
                  <test-suite type="TestFixture" name="CatTest" executed="True" result="Success" success="True" time="0.114" asserts="0">
                    <results>
                      <test-suite type="ParameterizedTest" name="Cat_DailyFeedCost_Success" executed="True" result="Success" success="True" time="0.080" asserts="0">
                        <results>
                          <test-case name="Zoo.AnimalMaker.Test.CatTest.Cat_DailyFeedCost_Success()" executed="True" result="Success" success="True" time="0.074" asserts="1" />
                        </results>
                      </test-suite>
                      <test-suite type="ParameterizedTest" name="Cat_NumOfLegs_Success" executed="True" result="Success" success="True" time="0.003" asserts="0">
                        <results>
                          <test-case name="Zoo.AnimalMaker.Test.CatTest.Cat_NumOfLegs_Success()" executed="True" result="Success" success="True" time="0.002" asserts="1" />
                        </results>
                      </test-suite>
                      <test-suite type="ParameterizedTest" name="Cat_NumOfLegsNotNull_Success" executed="True" result="Success" success="True" time="0.008" asserts="0">
                        <results>
                          <test-case name="Zoo.AnimalMaker.Test.CatTest.Cat_NumOfLegsNotNull_Success()" executed="True" result="Success" success="True" time="0.008" asserts="1" />
                        </results>
                      </test-suite>
                      <test-suite type="ParameterizedTest" name="Cat_SpeciesName_Success" executed="True" result="Success" success="True" time="0.001" asserts="0">
                        <results>
                          <test-case name="Zoo.AnimalMaker.Test.CatTest.Cat_SpeciesName_Success()" executed="True" result="Success" success="True" time="0.001" asserts="1" />
                        </results>
                      </test-suite>
                      <test-suite type="ParameterizedTest" name="Maker_MakeACat_Success" executed="True" result="Success" success="True" time="0.002" asserts="0">
                        <results>
                          <test-case name="Zoo.AnimalMaker.Test.CatTest.Maker_MakeACat_Success()" executed="True" result="Success" success="True" time="0.001" asserts="1" />
                        </results>
                      </test-suite>
                      <test-suite type="ParameterizedTest" name="Maker_MakeACatIsNotNull_Success" executed="True" result="Success" success="True" time="0.001" asserts="0">
                        <results>
                          <test-case name="Zoo.AnimalMaker.Test.CatTest.Maker_MakeACatIsNotNull_Success()" executed="True" result="Success" success="True" time="0.000" asserts="1" />
                        </results>
                      </test-suite>
                    </results>
                  </test-suite>
                  <test-suite type="TestFixture" name="DogTest" executed="True" result="Success" success="True" time="0.007" asserts="0">
                    <results>
                      <test-suite type="ParameterizedTest" name="Dog_DailyFeedCost_Success" executed="True" result="Success" success="True" time="0.001" asserts="0">
                        <results>
                          <test-case name="Zoo.AnimalMaker.Test.DogTest.Dog_DailyFeedCost_Success()" executed="True" result="Success" success="True" time="0.000" asserts="1" />
                        </results>
                      </test-suite>
                      <test-suite type="ParameterizedTest" name="Dog_NumOfLegs_Success" executed="True" result="Success" success="True" time="0.000" asserts="0">
                        <results>
                          <test-case name="Zoo.AnimalMaker.Test.DogTest.Dog_NumOfLegs_Success()" executed="True" result="Success" success="True" time="0.000" asserts="1" />
                        </results>
                      </test-suite>
                      <test-suite type="ParameterizedTest" name="Dog_NumOfLegsNotNull_Success" executed="True" result="Success" success="True" time="0.001" asserts="0">
                        <results>
                          <test-case name="Zoo.AnimalMaker.Test.DogTest.Dog_NumOfLegsNotNull_Success()" executed="True" result="Success" success="True" time="0.001" asserts="1" />
                        </results>
                      </test-suite>
                      <test-suite type="ParameterizedTest" name="Dog_SpeciesName_Success" executed="True" result="Success" success="True" time="0.001" asserts="0">
                        <results>
                          <test-case name="Zoo.AnimalMaker.Test.DogTest.Dog_SpeciesName_Success()" executed="True" result="Success" success="True" time="0.000" asserts="1" />
                        </results>
                      </test-suite>
                      <test-suite type="ParameterizedTest" name="Maker_MakeADog_Success" executed="True" result="Success" success="True" time="0.000" asserts="0">
                        <results>
                          <test-case name="Zoo.AnimalMaker.Test.DogTest.Maker_MakeADog_Success()" executed="True" result="Success" success="True" time="0.000" asserts="1" />
                        </results>
                      </test-suite>
                      <test-suite type="ParameterizedTest" name="Maker_MakeADogIsNotNull_Success" executed="True" result="Success" success="True" time="0.000" asserts="0">
                        <results>
                          <test-case name="Zoo.AnimalMaker.Test.DogTest.Maker_MakeADogIsNotNull_Success()" executed="True" result="Success" success="True" time="0.000" asserts="1" />
                        </results>
                      </test-suite>
                    </results>
                  </test-suite>
                </results>
              </test-suite>
            </results>
          </test-suite>
        </results>
      </test-suite>
    </results>
  </test-suite>
</test-results>